app/build/intermediates/manifest_merge_blame_file/debug/manifest-merger-blame-debug-report.txt
1<?xml version="1.0" encoding="utf-8"?>
2<manifest xmlns:android="http://schemas.android.com/apk/res/android"
3    package="com.dvach.lab2"
4    android:versionCode="1"
5    android:versionName="1.0" >
6
7    <uses-sdk
8        android:minSdkVersion="23"
8-->src\main\AndroidManifest.xml
9        android:targetSdkVersion="30" />
9-->src\main\AndroidManifest.xml
10
11    <uses-permission android:name="android.permission.INTERNET" />
11-->src\main\AndroidManifest.xml:4:5-66
11-->src\main\AndroidManifest.xml:4:22-64
12
13    <application
13-->src\main\AndroidManifest.xml:6:5-37:19
14        android:allowBackup="true"
14-->src\main\AndroidManifest.xml:7:9-35
15        android:appComponentFactory="androidx.core.app.CoreComponentFactory"
15-->[androidx.core:core:1.3.2] AndroidManifest.xml:24:18-86
16        android:debuggable="true"
17        android:extractNativeLibs="false"
18        android:icon="@drawable/cat"
18-->src\main\AndroidManifest.xml:8:9-37
19        android:label="@string/app_name"
19-->src\main\AndroidManifest.xml:9:9-41
20        android:roundIcon="@drawable/cat"
20-->src\main\AndroidManifest.xml:10:9-42
21        android:supportsRtl="true"
21-->src\main\AndroidManifest.xml:11:9-35
22        android:testOnly="true"
23        android:theme="@style/AppTheme"
23-->src\main\AndroidManifest.xml:12:9-40
24        android:usesCleartextTraffic="true" >
24-->src\main\AndroidManifest.xml:13:9-44
25        <activity android:name="com.dvach.lab2.LoginActivity" />
25-->src\main\AndroidManifest.xml:18:9-51
25-->src\main\AndroidManifest.xml:18:19-48
26        <activity
26-->src\main\AndroidManifest.xml:20:9-28:20
27            android:name="com.dvach.lab2.SplashActivity"
27-->src\main\AndroidManifest.xml:21:13-43
28            android:theme="@style/SplashTheme" >
28-->src\main\AndroidManifest.xml:22:13-47
29            <intent-filter>
29-->src\main\AndroidManifest.xml:23:13-27:29
30                <action android:name="android.intent.action.MAIN" />
30-->src\main\AndroidManifest.xml:24:17-69
30-->src\main\AndroidManifest.xml:24:25-66
31
32                <category android:name="android.intent.category.LAUNCHER" />
32-->src\main\AndroidManifest.xml:26:17-77
32-->src\main\AndroidManifest.xml:26:27-74
33            </intent-filter>
34        </activity>
35        <activity android:name="com.dvach.lab2.MainActivity" >
35-->src\main\AndroidManifest.xml:29:9-31:20
35-->src\main\AndroidManifest.xml:29:19-47
36        </activity>
37
38        <meta-data
38-->src\main\AndroidManifest.xml:33:9-35:57
39            android:name="preloaded_fonts"
39-->src\main\AndroidManifest.xml:34:13-43
40            android:resource="@array/preloaded_fonts" />
40-->src\main\AndroidManifest.xml:35:13-54
41
42        <service
42-->[androidx.room:room-runtime:2.2.5] AndroidManifest.xml:25:9-28:40
43            android:name="androidx.room.MultiInstanceInvalidationService"
43-->[androidx.room:room-runtime:2.2.5] AndroidManifest.xml:26:13-74
44            android:directBootAware="true"
44-->[androidx.room:room-runtime:2.2.5] AndroidManifest.xml:27:13-43
45            android:exported="false" />
45-->[androidx.room:room-runtime:2.2.5] AndroidManifest.xml:28:13-37
46    </application>
47
48</manifest>